<testsuites name="Mocha Tests" time="24.181" tests="4" failures="0">
<testsuite name="Root Suite" timestamp="2020-11-18T16:41:31" tests="0" file="cypress\integration\ui\admin_access.spec.js" failures="0" time="0"> </testsuite>
<testsuite name="Admin Access rights" timestamp="2020-11-18T16:41:31" tests="4" failures="0" time="24.181">
<testcase name="Admin Access rights searches for and finds a valid user" time="7.229" classname="searches for and finds a valid user"> </testcase>
<testcase name="Admin Access rights searches for and does not find an invalid user" time="4.724" classname="searches for and does not find an invalid user"> </testcase>
<testcase name="Admin Access rights searches for and finds a valid group" time="5.876" classname="searches for and finds a valid group"> </testcase>
<testcase name="Admin Access rights searches for and does not find an invalid user" time="6.352" classname="searches for and does not find an invalid user"> </testcase>
</testsuite>
</testsuites>